2024-04-12 08:43:49,416 [Worker-6: Loading available Gradle versions] INFO  o.e.b.c.i.u.g.PublishedGradleVersions - Gradle version information cache is up-to-date. Trying to read.
2024-04-12 08:46:21,044 [Worker-15: Creating project "hello-world"] INFO  o.e.m.c.i.l.LifecycleMappingFactory - Using org.eclipse.m2e.jdt.JarLifecycleMapping lifecycle mapping for MavenProject: com.example:hello-world:0.0.1-SNAPSHOT @ C:\Users\esccy\Documents\JCA_test\hello-world\pom.xml.
2024-04-12 08:46:21,923 [Worker-15: Creating project "hello-world"] INFO  o.e.m.j.i.AbstractJavaProjectConfigurator - Adding source folder /hello-world/src/main/java
2024-04-12 08:46:21,929 [Worker-15: Creating project "hello-world"] INFO  o.e.m.j.i.AbstractJavaProjectConfigurator - Adding resource folder /hello-world/src/main/resources
2024-04-12 08:46:21,932 [Worker-15: Creating project "hello-world"] INFO  o.e.m.j.i.AbstractJavaProjectConfigurator - Adding source folder /hello-world/src/test/java
2024-04-12 08:46:21,933 [Worker-15: Creating project "hello-world"] INFO  o.e.m.j.i.AbstractJavaProjectConfigurator - Adding resource folder /hello-world/src/test/resources
2024-04-12 08:46:23,503 [Worker-15: Building] WARN  o.a.m.s.f.DefaultMavenResourcesFiltering - Using platform encoding (MS949 actually) to copy filtered resources, i.e. build is platform dependent!
2024-04-12 08:46:23,514 [Worker-15: Building] INFO  o.a.m.s.f.DefaultMavenResourcesFiltering - Copying 0 resource from src\main\resources to target\classes
2024-04-12 08:46:23,522 [Worker-15: Building] WARN  o.a.m.s.f.DefaultMavenResourcesFiltering - Using platform encoding (MS949 actually) to copy filtered resources, i.e. build is platform dependent!
2024-04-12 08:46:23,524 [Worker-15: Building] INFO  o.a.m.s.f.DefaultMavenResourcesFiltering - Copying 0 resource from src\test\resources to target\test-classes
2024-04-12 08:52:06,673 [Worker-26: Building] WARN  o.a.m.s.f.DefaultMavenResourcesFiltering - Using platform encoding (MS949 actually) to copy filtered resources, i.e. build is platform dependent!
2024-04-12 08:52:06,678 [Worker-26: Building] INFO  o.a.m.s.f.DefaultMavenResourcesFiltering - Copying 0 resource from src\main\resources to target\classes
2024-04-12 08:52:06,685 [Worker-26: Building] WARN  o.a.m.s.f.DefaultMavenResourcesFiltering - Using platform encoding (MS949 actually) to copy filtered resources, i.e. build is platform dependent!
2024-04-12 08:52:06,688 [Worker-26: Building] INFO  o.a.m.s.f.DefaultMavenResourcesFiltering - Copying 0 resource from src\test\resources to target\test-classes
2024-04-12 08:52:42,869 [Worker-28: Building] WARN  o.a.m.s.f.DefaultMavenResourcesFiltering - Using platform encoding (MS949 actually) to copy filtered resources, i.e. build is platform dependent!
2024-04-12 08:52:42,871 [Worker-28: Building] INFO  o.a.m.s.f.DefaultMavenResourcesFiltering - Copying 0 resource from src\main\resources to target\classes
2024-04-12 08:52:42,876 [Worker-28: Building] WARN  o.a.m.s.f.DefaultMavenResourcesFiltering - Using platform encoding (MS949 actually) to copy filtered resources, i.e. build is platform dependent!
2024-04-12 08:52:42,879 [Worker-28: Building] INFO  o.a.m.s.f.DefaultMavenResourcesFiltering - Copying 0 resource from src\test\resources to target\test-classes
2024-04-12 08:56:12,733 [Worker-30: Updating Maven Project] INFO  o.e.m.c.i.p.ProjectConfigurationManager - Update started
2024-04-12 08:56:13,029 [Worker-30: Updating Maven Project] INFO  o.e.m.c.i.l.LifecycleMappingFactory - Using org.eclipse.m2e.jdt.JarLifecycleMapping lifecycle mapping for MavenProject: com.example:hello-world:0.0.1-SNAPSHOT @ C:\Users\esccy\Documents\JCA_test\hello-world\pom.xml.
2024-04-12 08:56:13,308 [Worker-30: Updating Maven Project] INFO  o.e.m.j.i.AbstractJavaProjectConfigurator - Adding source folder /hello-world/src/main/java
2024-04-12 08:56:13,309 [Worker-30: Updating Maven Project] INFO  o.e.m.j.i.AbstractJavaProjectConfigurator - Adding resource folder /hello-world/src/main/resources
2024-04-12 08:56:13,310 [Worker-30: Updating Maven Project] INFO  o.e.m.j.i.AbstractJavaProjectConfigurator - Adding source folder /hello-world/src/test/java
2024-04-12 08:56:13,311 [Worker-30: Updating Maven Project] INFO  o.e.m.j.i.AbstractJavaProjectConfigurator - Adding resource folder /hello-world/src/test/resources
2024-04-12 08:56:13,434 [Worker-30: Updating Maven Project] INFO  o.e.m.c.i.p.ProjectConfigurationManager - Update completed for 1 poms: local refresh takes 0.00 sec, refresh facades takes 0.00 sec, update config takes 0.00 sec 
2024-04-12 08:56:13,585 [Worker-30: Building] WARN  o.a.m.s.f.DefaultMavenResourcesFiltering - Using platform encoding (MS949 actually) to copy filtered resources, i.e. build is platform dependent!
2024-04-12 08:56:13,588 [Worker-30: Building] INFO  o.a.m.s.f.DefaultMavenResourcesFiltering - Copying 0 resource from src\main\resources to target\classes
2024-04-12 08:56:13,593 [Worker-30: Building] WARN  o.a.m.s.f.DefaultMavenResourcesFiltering - Using platform encoding (MS949 actually) to copy filtered resources, i.e. build is platform dependent!
2024-04-12 08:56:13,595 [Worker-30: Building] INFO  o.a.m.s.f.DefaultMavenResourcesFiltering - Copying 0 resource from src\test\resources to target\test-classes
2024-04-12 09:07:31,105 [Worker-32: Building] WARN  o.a.m.s.f.DefaultMavenResourcesFiltering - Using platform encoding (MS949 actually) to copy filtered resources, i.e. build is platform dependent!
2024-04-12 09:07:31,112 [Worker-32: Building] INFO  o.a.m.s.f.DefaultMavenResourcesFiltering - Copying 0 resource from src\main\resources to target\classes
2024-04-12 09:07:31,116 [Worker-32: Building] WARN  o.a.m.s.f.DefaultMavenResourcesFiltering - Using platform encoding (MS949 actually) to copy filtered resources, i.e. build is platform dependent!
2024-04-12 09:07:31,121 [Worker-32: Building] INFO  o.a.m.s.f.DefaultMavenResourcesFiltering - Copying 0 resource from src\test\resources to target\test-classes
2024-04-12 09:07:47,121 [Worker-33: Building] WARN  o.a.m.s.f.DefaultMavenResourcesFiltering - Using platform encoding (MS949 actually) to copy filtered resources, i.e. build is platform dependent!
2024-04-12 09:07:47,124 [Worker-33: Building] INFO  o.a.m.s.f.DefaultMavenResourcesFiltering - Copying 0 resource from src\main\resources to target\classes
2024-04-12 09:07:47,128 [Worker-33: Building] WARN  o.a.m.s.f.DefaultMavenResourcesFiltering - Using platform encoding (MS949 actually) to copy filtered resources, i.e. build is platform dependent!
2024-04-12 09:07:47,130 [Worker-33: Building] INFO  o.a.m.s.f.DefaultMavenResourcesFiltering - Copying 0 resource from src\test\resources to target\test-classes
2024-04-12 09:08:17,160 [main] INFO  o.e.m2e.actions.ExecutePomAction - Creating new launch configuration
2024-04-12 09:08:22,696 [Worker-32: Launching hello-world] INFO  o.eclipse.m2e.core.internal.Bundles - getClasspathEntries(Bundle=org.eclipse.m2e.maven.runtime_3.9.500.20231113-2345 [628])
2024-04-12 09:08:22,699 [Worker-32: Launching hello-world] INFO  o.eclipse.m2e.core.internal.Bundles - 	Entry: C:\Users\esccy\.p2\pool\plugins\org.eclipse.m2e.maven.runtime_3.9.500.20231113-2345
2024-04-12 09:08:22,700 [Worker-32: Launching hello-world] INFO  o.eclipse.m2e.core.internal.Bundles - 	Entry: C:\Users\esccy\.p2\pool\plugins\org.eclipse.m2e.maven.runtime_3.9.500.20231113-2345\jars\aopalliance-1.0.jar
2024-04-12 09:08:22,700 [Worker-32: Launching hello-world] INFO  o.eclipse.m2e.core.internal.Bundles - 	Entry: C:\Users\esccy\.p2\pool\plugins\org.eclipse.m2e.maven.runtime_3.9.500.20231113-2345\jars\guice-5.1.0.jar
2024-04-12 09:08:22,701 [Worker-32: Launching hello-world] INFO  o.eclipse.m2e.core.internal.Bundles - 	Entry: C:\Users\esccy\.p2\pool\plugins\org.eclipse.m2e.maven.runtime_3.9.500.20231113-2345\jars\httpclient-4.5.14.jar
2024-04-12 09:08:22,701 [Worker-32: Launching hello-world] INFO  o.eclipse.m2e.core.internal.Bundles - 	Entry: C:\Users\esccy\.p2\pool\plugins\org.eclipse.m2e.maven.runtime_3.9.500.20231113-2345\jars\httpcore-4.4.16.jar
2024-04-12 09:08:22,701 [Worker-32: Launching hello-world] INFO  o.eclipse.m2e.core.internal.Bundles - 	Entry: C:\Users\esccy\.p2\pool\plugins\org.eclipse.m2e.maven.runtime_3.9.500.20231113-2345\jars\jansi-2.4.0.jar
2024-04-12 09:08:22,701 [Worker-32: Launching hello-world] INFO  o.eclipse.m2e.core.internal.Bundles - 	Entry: C:\Users\esccy\.p2\pool\plugins\org.eclipse.m2e.maven.runtime_3.9.500.20231113-2345\jars\jcl-over-slf4j-1.7.36.jar
2024-04-12 09:08:22,702 [Worker-32: Launching hello-world] INFO  o.eclipse.m2e.core.internal.Bundles - 	Entry: C:\Users\esccy\.p2\pool\plugins\org.eclipse.m2e.maven.runtime_3.9.500.20231113-2345\jars\maven-artifact-3.9.5.jar
2024-04-12 09:08:22,702 [Worker-32: Launching hello-world] INFO  o.eclipse.m2e.core.internal.Bundles - 	Entry: C:\Users\esccy\.p2\pool\plugins\org.eclipse.m2e.maven.runtime_3.9.500.20231113-2345\jars\maven-builder-support-3.9.5.jar
2024-04-12 09:08:22,702 [Worker-32: Launching hello-world] INFO  o.eclipse.m2e.core.internal.Bundles - 	Entry: C:\Users\esccy\.p2\pool\plugins\org.eclipse.m2e.maven.runtime_3.9.500.20231113-2345\jars\maven-compat-3.9.5.jar
2024-04-12 09:08:22,702 [Worker-32: Launching hello-world] INFO  o.eclipse.m2e.core.internal.Bundles - 	Entry: C:\Users\esccy\.p2\pool\plugins\org.eclipse.m2e.maven.runtime_3.9.500.20231113-2345\jars\maven-core-3.9.5.jar
2024-04-12 09:08:22,703 [Worker-32: Launching hello-world] INFO  o.eclipse.m2e.core.internal.Bundles - 	Entry: C:\Users\esccy\.p2\pool\plugins\org.eclipse.m2e.maven.runtime_3.9.500.20231113-2345\jars\maven-embedder-3.9.5.jar
2024-04-12 09:08:22,703 [Worker-32: Launching hello-world] INFO  o.eclipse.m2e.core.internal.Bundles - 	Entry: C:\Users\esccy\.p2\pool\plugins\org.eclipse.m2e.maven.runtime_3.9.500.20231113-2345\jars\maven-model-3.9.5.jar
2024-04-12 09:08:22,704 [Worker-32: Launching hello-world] INFO  o.eclipse.m2e.core.internal.Bundles - 	Entry: C:\Users\esccy\.p2\pool\plugins\org.eclipse.m2e.maven.runtime_3.9.500.20231113-2345\jars\maven-model-builder-3.9.5.jar
2024-04-12 09:08:22,704 [Worker-32: Launching hello-world] INFO  o.eclipse.m2e.core.internal.Bundles - 	Entry: C:\Users\esccy\.p2\pool\plugins\org.eclipse.m2e.maven.runtime_3.9.500.20231113-2345\jars\maven-plugin-api-3.9.5.jar
2024-04-12 09:08:22,704 [Worker-32: Launching hello-world] INFO  o.eclipse.m2e.core.internal.Bundles - 	Entry: C:\Users\esccy\.p2\pool\plugins\org.eclipse.m2e.maven.runtime_3.9.500.20231113-2345\jars\maven-repository-metadata-3.9.5.jar
2024-04-12 09:08:22,704 [Worker-32: Launching hello-world] INFO  o.eclipse.m2e.core.internal.Bundles - 	Entry: C:\Users\esccy\.p2\pool\plugins\org.eclipse.m2e.maven.runtime_3.9.500.20231113-2345\jars\maven-resolver-api-1.9.16.jar
2024-04-12 09:08:22,705 [Worker-32: Launching hello-world] INFO  o.eclipse.m2e.core.internal.Bundles - 	Entry: C:\Users\esccy\.p2\pool\plugins\org.eclipse.m2e.maven.runtime_3.9.500.20231113-2345\jars\maven-resolver-connector-basic-1.9.16.jar
2024-04-12 09:08:22,705 [Worker-32: Launching hello-world] INFO  o.eclipse.m2e.core.internal.Bundles - 	Entry: C:\Users\esccy\.p2\pool\plugins\org.eclipse.m2e.maven.runtime_3.9.500.20231113-2345\jars\maven-resolver-impl-1.9.16.jar
2024-04-12 09:08:22,705 [Worker-32: Launching hello-world] INFO  o.eclipse.m2e.core.internal.Bundles - 	Entry: C:\Users\esccy\.p2\pool\plugins\org.eclipse.m2e.maven.runtime_3.9.500.20231113-2345\jars\maven-resolver-named-locks-1.9.16.jar
2024-04-12 09:08:22,705 [Worker-32: Launching hello-world] INFO  o.eclipse.m2e.core.internal.Bundles - 	Entry: C:\Users\esccy\.p2\pool\plugins\org.eclipse.m2e.maven.runtime_3.9.500.20231113-2345\jars\maven-resolver-provider-3.9.5.jar
2024-04-12 09:08:22,706 [Worker-32: Launching hello-world] INFO  o.eclipse.m2e.core.internal.Bundles - 	Entry: C:\Users\esccy\.p2\pool\plugins\org.eclipse.m2e.maven.runtime_3.9.500.20231113-2345\jars\maven-resolver-spi-1.9.16.jar
2024-04-12 09:08:22,706 [Worker-32: Launching hello-world] INFO  o.eclipse.m2e.core.internal.Bundles - 	Entry: C:\Users\esccy\.p2\pool\plugins\org.eclipse.m2e.maven.runtime_3.9.500.20231113-2345\jars\maven-resolver-transport-file-1.9.16.jar
2024-04-12 09:08:22,706 [Worker-32: Launching hello-world] INFO  o.eclipse.m2e.core.internal.Bundles - 	Entry: C:\Users\esccy\.p2\pool\plugins\org.eclipse.m2e.maven.runtime_3.9.500.20231113-2345\jars\maven-resolver-transport-http-1.9.16.jar
2024-04-12 09:08:22,707 [Worker-32: Launching hello-world] INFO  o.eclipse.m2e.core.internal.Bundles - 	Entry: C:\Users\esccy\.p2\pool\plugins\org.eclipse.m2e.maven.runtime_3.9.500.20231113-2345\jars\maven-resolver-transport-wagon-1.9.16.jar
2024-04-12 09:08:22,707 [Worker-32: Launching hello-world] INFO  o.eclipse.m2e.core.internal.Bundles - 	Entry: C:\Users\esccy\.p2\pool\plugins\org.eclipse.m2e.maven.runtime_3.9.500.20231113-2345\jars\maven-resolver-util-1.9.16.jar
2024-04-12 09:08:22,707 [Worker-32: Launching hello-world] INFO  o.eclipse.m2e.core.internal.Bundles - 	Entry: C:\Users\esccy\.p2\pool\plugins\org.eclipse.m2e.maven.runtime_3.9.500.20231113-2345\jars\maven-settings-3.9.5.jar
2024-04-12 09:08:22,708 [Worker-32: Launching hello-world] INFO  o.eclipse.m2e.core.internal.Bundles - 	Entry: C:\Users\esccy\.p2\pool\plugins\org.eclipse.m2e.maven.runtime_3.9.500.20231113-2345\jars\maven-settings-builder-3.9.5.jar
2024-04-12 09:08:22,708 [Worker-32: Launching hello-world] INFO  o.eclipse.m2e.core.internal.Bundles - 	Entry: C:\Users\esccy\.p2\pool\plugins\org.eclipse.m2e.maven.runtime_3.9.500.20231113-2345\jars\maven-shared-utils-3.3.4.jar
2024-04-12 09:08:22,709 [Worker-32: Launching hello-world] INFO  o.eclipse.m2e.core.internal.Bundles - 	Entry: C:\Users\esccy\.p2\pool\plugins\org.eclipse.m2e.maven.runtime_3.9.500.20231113-2345\jars\org.eclipse.sisu.inject-0.3.5.jar
2024-04-12 09:08:22,709 [Worker-32: Launching hello-world] INFO  o.eclipse.m2e.core.internal.Bundles - 	Entry: C:\Users\esccy\.p2\pool\plugins\org.eclipse.m2e.maven.runtime_3.9.500.20231113-2345\jars\org.eclipse.sisu.plexus-0.3.5.jar
2024-04-12 09:08:22,709 [Worker-32: Launching hello-world] INFO  o.eclipse.m2e.core.internal.Bundles - 	Entry: C:\Users\esccy\.p2\pool\plugins\org.eclipse.m2e.maven.runtime_3.9.500.20231113-2345\jars\plexus-build-api-0.0.7.jar
2024-04-12 09:08:22,709 [Worker-32: Launching hello-world] INFO  o.eclipse.m2e.core.internal.Bundles - 	Entry: C:\Users\esccy\.p2\pool\plugins\org.eclipse.m2e.maven.runtime_3.9.500.20231113-2345\jars\plexus-cipher-2.0.jar
2024-04-12 09:08:22,709 [Worker-32: Launching hello-world] INFO  o.eclipse.m2e.core.internal.Bundles - 	Entry: C:\Users\esccy\.p2\pool\plugins\org.eclipse.m2e.maven.runtime_3.9.500.20231113-2345\jars\plexus-classworlds-2.7.0.jar
2024-04-12 09:08:22,710 [Worker-32: Launching hello-world] INFO  o.eclipse.m2e.core.internal.Bundles - 	Entry: C:\Users\esccy\.p2\pool\plugins\org.eclipse.m2e.maven.runtime_3.9.500.20231113-2345\jars\plexus-component-annotations-2.1.0.jar
2024-04-12 09:08:22,710 [Worker-32: Launching hello-world] INFO  o.eclipse.m2e.core.internal.Bundles - 	Entry: C:\Users\esccy\.p2\pool\plugins\org.eclipse.m2e.maven.runtime_3.9.500.20231113-2345\jars\plexus-interpolation-1.26.jar
2024-04-12 09:08:22,710 [Worker-32: Launching hello-world] INFO  o.eclipse.m2e.core.internal.Bundles - 	Entry: C:\Users\esccy\.p2\pool\plugins\org.eclipse.m2e.maven.runtime_3.9.500.20231113-2345\jars\plexus-sec-dispatcher-2.0.jar
2024-04-12 09:08:22,710 [Worker-32: Launching hello-world] INFO  o.eclipse.m2e.core.internal.Bundles - 	Entry: C:\Users\esccy\.p2\pool\plugins\org.eclipse.m2e.maven.runtime_3.9.500.20231113-2345\jars\plexus-utils-3.5.1.jar
2024-04-12 09:08:22,711 [Worker-32: Launching hello-world] INFO  o.eclipse.m2e.core.internal.Bundles - 	Entry: C:\Users\esccy\.p2\pool\plugins\org.eclipse.m2e.maven.runtime_3.9.500.20231113-2345\jars\wagon-file-3.5.3.jar
2024-04-12 09:08:22,711 [Worker-32: Launching hello-world] INFO  o.eclipse.m2e.core.internal.Bundles - 	Entry: C:\Users\esccy\.p2\pool\plugins\org.eclipse.m2e.maven.runtime_3.9.500.20231113-2345\jars\wagon-http-3.5.3.jar
2024-04-12 09:08:22,711 [Worker-32: Launching hello-world] INFO  o.eclipse.m2e.core.internal.Bundles - 	Entry: C:\Users\esccy\.p2\pool\plugins\org.eclipse.m2e.maven.runtime_3.9.500.20231113-2345\jars\wagon-http-shared-3.5.3.jar
2024-04-12 09:08:22,711 [Worker-32: Launching hello-world] INFO  o.eclipse.m2e.core.internal.Bundles - 	Entry: C:\Users\esccy\.p2\pool\plugins\org.eclipse.m2e.maven.runtime_3.9.500.20231113-2345\jars\wagon-provider-api-3.5.3.jar
2024-04-12 09:08:22,712 [Worker-32: Launching hello-world] INFO  o.eclipse.m2e.core.internal.Bundles - getClasspathEntries(Bundle=com.google.guava_32.1.3.jre [12])
2024-04-12 09:08:22,713 [Worker-32: Launching hello-world] INFO  o.eclipse.m2e.core.internal.Bundles - 	Entry: C:\Users\esccy\.p2\pool\plugins\com.google.guava_32.1.3.jre.jar
2024-04-12 09:08:22,714 [Worker-32: Launching hello-world] INFO  o.eclipse.m2e.core.internal.Bundles - getClasspathEntries(Bundle=slf4j.api_2.0.12 [988])
2024-04-12 09:08:22,715 [Worker-32: Launching hello-world] INFO  o.eclipse.m2e.core.internal.Bundles - 	Entry: C:\Users\esccy\.p2\pool\plugins\slf4j.api_2.0.12.jar
2024-04-12 09:08:22,715 [Worker-32: Launching hello-world] INFO  o.eclipse.m2e.core.internal.Bundles - getClasspathEntries(Bundle=jakarta.inject.jakarta.inject-api_1.0.5 [29])
2024-04-12 09:08:22,716 [Worker-32: Launching hello-world] INFO  o.eclipse.m2e.core.internal.Bundles - 	Entry: C:\Users\esccy\.p2\pool\plugins\jakarta.inject.jakarta.inject-api_1.0.5.jar
2024-04-12 09:08:22,716 [Worker-32: Launching hello-world] INFO  o.eclipse.m2e.core.internal.Bundles - getClasspathEntries(Bundle=jakarta.annotation-api_1.3.5 [24])
2024-04-12 09:08:22,716 [Worker-32: Launching hello-world] INFO  o.eclipse.m2e.core.internal.Bundles - 	Entry: C:\Users\esccy\.p2\pool\plugins\jakarta.annotation-api_1.3.5.jar
2024-04-12 09:08:22,716 [Worker-32: Launching hello-world] INFO  o.eclipse.m2e.core.internal.Bundles - getClasspathEntries(Bundle=org.apache.commons.cli_1.6.0 [71])
2024-04-12 09:08:22,717 [Worker-32: Launching hello-world] INFO  o.eclipse.m2e.core.internal.Bundles - 	Entry: C:\Users\esccy\.p2\pool\plugins\org.apache.commons.cli_1.6.0.jar
2024-04-12 09:08:22,717 [Worker-32: Launching hello-world] INFO  o.eclipse.m2e.core.internal.Bundles - getClasspathEntries(Bundle=org.apache.commons.commons-codec_1.16.0 [75])
2024-04-12 09:08:22,717 [Worker-32: Launching hello-world] INFO  o.eclipse.m2e.core.internal.Bundles - 	Entry: C:\Users\esccy\.p2\pool\plugins\org.apache.commons.commons-codec_1.16.0.jar
2024-04-12 09:08:22,717 [Worker-32: Launching hello-world] INFO  o.eclipse.m2e.core.internal.Bundles - getClasspathEntries(Bundle=org.apache.commons.lang3_3.13.0 [82])
2024-04-12 09:08:22,718 [Worker-32: Launching hello-world] INFO  o.eclipse.m2e.core.internal.Bundles - 	Entry: C:\Users\esccy\.p2\pool\plugins\org.apache.commons.lang3_3.13.0.jar
2024-04-12 09:08:22,718 [Worker-32: Launching hello-world] INFO  o.eclipse.m2e.core.internal.Bundles - getClasspathEntries(Bundle=com.google.guava.failureaccess_1.0.2 [13])
2024-04-12 09:08:22,718 [Worker-32: Launching hello-world] INFO  o.eclipse.m2e.core.internal.Bundles - 	Entry: C:\Users\esccy\.p2\pool\plugins\com.google.guava.failureaccess_1.0.2.jar
2024-04-12 09:08:22,724 [Worker-32: Launching hello-world] INFO  o.e.m.i.launch.MavenLaunchDelegate - Run build in "C:\Users\esccy\Documents\JCA_test\hello-world":
2024-04-12 09:08:22,730 [Worker-32: Launching hello-world] INFO  o.e.m.i.launch.MavenLaunchDelegate -  mvn  -B -Dstyle.color=always 
2024-04-12 09:10:55,714 [Worker-35: Building] WARN  o.a.m.s.f.DefaultMavenResourcesFiltering - Using platform encoding (MS949 actually) to copy filtered resources, i.e. build is platform dependent!
2024-04-12 09:10:55,719 [Worker-35: Building] INFO  o.a.m.s.f.DefaultMavenResourcesFiltering - Copying 0 resource from src\main\resources to target\classes
2024-04-12 09:10:55,723 [Worker-35: Building] WARN  o.a.m.s.f.DefaultMavenResourcesFiltering - Using platform encoding (MS949 actually) to copy filtered resources, i.e. build is platform dependent!
2024-04-12 09:10:55,725 [Worker-35: Building] INFO  o.a.m.s.f.DefaultMavenResourcesFiltering - Copying 0 resource from src\test\resources to target\test-classes
2024-04-12 09:11:06,012 [Worker-34: Building] WARN  o.a.m.s.f.DefaultMavenResourcesFiltering - Using platform encoding (MS949 actually) to copy filtered resources, i.e. build is platform dependent!
2024-04-12 09:11:06,014 [Worker-34: Building] INFO  o.a.m.s.f.DefaultMavenResourcesFiltering - Copying 0 resource from src\main\resources to target\classes
2024-04-12 09:11:06,018 [Worker-34: Building] WARN  o.a.m.s.f.DefaultMavenResourcesFiltering - Using platform encoding (MS949 actually) to copy filtered resources, i.e. build is platform dependent!
2024-04-12 09:11:06,021 [Worker-34: Building] INFO  o.a.m.s.f.DefaultMavenResourcesFiltering - Copying 0 resource from src\test\resources to target\test-classes
2024-04-12 09:11:14,830 [Worker-35: Building] WARN  o.a.m.s.f.DefaultMavenResourcesFiltering - Using platform encoding (MS949 actually) to copy filtered resources, i.e. build is platform dependent!
2024-04-12 09:11:14,832 [Worker-35: Building] INFO  o.a.m.s.f.DefaultMavenResourcesFiltering - Copying 0 resource from src\main\resources to target\classes
2024-04-12 09:11:14,835 [Worker-35: Building] WARN  o.a.m.s.f.DefaultMavenResourcesFiltering - Using platform encoding (MS949 actually) to copy filtered resources, i.e. build is platform dependent!
2024-04-12 09:11:14,838 [Worker-35: Building] INFO  o.a.m.s.f.DefaultMavenResourcesFiltering - Copying 0 resource from src\test\resources to target\test-classes
2024-04-12 09:12:14,657 [Worker-35: Launching RandomSeedExample] WARN  o.a.m.s.f.DefaultMavenResourcesFiltering - Using platform encoding (MS949 actually) to copy filtered resources, i.e. build is platform dependent!
2024-04-12 09:12:14,660 [Worker-35: Launching RandomSeedExample] INFO  o.a.m.s.f.DefaultMavenResourcesFiltering - Copying 0 resource from src\main\resources to target\classes
2024-04-12 09:12:14,663 [Worker-35: Launching RandomSeedExample] WARN  o.a.m.s.f.DefaultMavenResourcesFiltering - Using platform encoding (MS949 actually) to copy filtered resources, i.e. build is platform dependent!
2024-04-12 09:12:14,666 [Worker-35: Launching RandomSeedExample] INFO  o.a.m.s.f.DefaultMavenResourcesFiltering - Copying 0 resource from src\test\resources to target\test-classes
2024-04-12 09:18:55,536 [Worker-38: Building] WARN  o.a.m.s.f.DefaultMavenResourcesFiltering - Using platform encoding (MS949 actually) to copy filtered resources, i.e. build is platform dependent!
2024-04-12 09:18:55,539 [Worker-38: Building] INFO  o.a.m.s.f.DefaultMavenResourcesFiltering - Copying 0 resource from src\main\resources to target\classes
2024-04-12 09:18:55,544 [Worker-38: Building] WARN  o.a.m.s.f.DefaultMavenResourcesFiltering - Using platform encoding (MS949 actually) to copy filtered resources, i.e. build is platform dependent!
2024-04-12 09:18:55,546 [Worker-38: Building] INFO  o.a.m.s.f.DefaultMavenResourcesFiltering - Copying 0 resource from src\test\resources to target\test-classes
2024-04-12 09:19:43,647 [Worker-41: Building] INFO  o.e.m.c.i.l.LifecycleMappingFactory - Using org.eclipse.m2e.jdt.JarLifecycleMapping lifecycle mapping for MavenProject: com.example:hello-world:0.0.1-SNAPSHOT @ C:\Users\esccy\Documents\JCA_test\hello-world\pom.xml.
2024-04-12 09:19:43,832 [Worker-41: Building] WARN  o.a.m.s.f.DefaultMavenResourcesFiltering - Using platform encoding (MS949 actually) to copy filtered resources, i.e. build is platform dependent!
2024-04-12 09:19:43,837 [Worker-41: Building] INFO  o.a.m.s.f.DefaultMavenResourcesFiltering - Copying 0 resource from src\main\resources to target\classes
2024-04-12 09:19:43,841 [Worker-41: Building] WARN  o.a.m.s.f.DefaultMavenResourcesFiltering - Using platform encoding (MS949 actually) to copy filtered resources, i.e. build is platform dependent!
2024-04-12 09:19:43,843 [Worker-41: Building] INFO  o.a.m.s.f.DefaultMavenResourcesFiltering - Copying 0 resource from src\test\resources to target\test-classes
2024-04-12 09:20:03,958 [Worker-39: Launching BouncyCastleTest] WARN  o.a.m.s.f.DefaultMavenResourcesFiltering - Using platform encoding (MS949 actually) to copy filtered resources, i.e. build is platform dependent!
2024-04-12 09:20:03,961 [Worker-39: Launching BouncyCastleTest] INFO  o.a.m.s.f.DefaultMavenResourcesFiltering - Copying 0 resource from src\main\resources to target\classes
2024-04-12 09:20:03,964 [Worker-39: Launching BouncyCastleTest] WARN  o.a.m.s.f.DefaultMavenResourcesFiltering - Using platform encoding (MS949 actually) to copy filtered resources, i.e. build is platform dependent!
2024-04-12 09:20:03,965 [Worker-39: Launching BouncyCastleTest] INFO  o.a.m.s.f.DefaultMavenResourcesFiltering - Copying 0 resource from src\test\resources to target\test-classes
2024-04-12 10:35:07,752 [Worker-51: Building] WARN  o.a.m.s.f.DefaultMavenResourcesFiltering - Using platform encoding (MS949 actually) to copy filtered resources, i.e. build is platform dependent!
2024-04-12 10:35:07,760 [Worker-51: Building] INFO  o.a.m.s.f.DefaultMavenResourcesFiltering - Copying 0 resource from src\main\resources to target\classes
2024-04-12 10:35:07,764 [Worker-51: Building] WARN  o.a.m.s.f.DefaultMavenResourcesFiltering - Using platform encoding (MS949 actually) to copy filtered resources, i.e. build is platform dependent!
2024-04-12 10:35:07,769 [Worker-51: Building] INFO  o.a.m.s.f.DefaultMavenResourcesFiltering - Copying 0 resource from src\test\resources to target\test-classes
2024-04-12 10:36:37,056 [Worker-61: Building] WARN  o.a.m.s.f.DefaultMavenResourcesFiltering - Using platform encoding (MS949 actually) to copy filtered resources, i.e. build is platform dependent!
2024-04-12 10:36:37,059 [Worker-61: Building] INFO  o.a.m.s.f.DefaultMavenResourcesFiltering - Copying 0 resource from src\main\resources to target\classes
2024-04-12 10:36:37,063 [Worker-61: Building] WARN  o.a.m.s.f.DefaultMavenResourcesFiltering - Using platform encoding (MS949 actually) to copy filtered resources, i.e. build is platform dependent!
2024-04-12 10:36:37,066 [Worker-61: Building] INFO  o.a.m.s.f.DefaultMavenResourcesFiltering - Copying 0 resource from src\test\resources to target\test-classes
